[2022-07-04][07:53:20][snippetbox_rust][INFO] Arguments { port: 8000 }
[2022-07-04][07:53:20][rocket::launch][INFO] 🔧 Configured for debug.
[2022-07-04][07:53:20][rocket::launch_][INFO] address: [1;49;39m127.0.0.1[0m
[2022-07-04][07:53:20][rocket::launch_][INFO] port: [1;49;39m8000[0m
[2022-07-04][07:53:20][rocket::launch_][INFO] workers: [1;49;39m8[0m
[2022-07-04][07:53:20][rocket::launch_][INFO] ident: [1;49;39mRocket[0m
[2022-07-04][07:53:20][rocket::launch_][INFO] limits: [1;49;39mbytes = 8KiB, data-form = 2MiB, file = 1MiB, form = 32KiB, json = 1MiB, msgpack = 1MiB, string = 8KiB[0m
[2022-07-04][07:53:20][rocket::launch_][INFO] temp dir: [1;49;39m/var/folders/f7/834y21jj2wz1x27gbltyxbpc0000gn/T/[0m
[2022-07-04][07:53:20][rocket::launch_][INFO] http/2: [1;49;39mtrue[0m
[2022-07-04][07:53:20][rocket::launch_][INFO] keep-alive: [1;49;39m5[0m[1;49;39ms[0m
[2022-07-04][07:53:20][rocket::launch_][INFO] tls: [1;49;39mdisabled[0m
[2022-07-04][07:53:20][rocket::launch_][INFO] shutdown: [1;49;39mctrlc = true, force = true, signals = [SIGTERM], grace = 2s, mercy = 3s[0m
[2022-07-04][07:53:20][rocket::launch_][INFO] log level: [1;49;39mnormal[0m
[2022-07-04][07:53:20][rocket::launch_][INFO] cli colors: [1;49;39mtrue[0m
[2022-07-04][07:53:20][rocket::launch][INFO] 📬 [35mRoutes[0m:
[2022-07-04][07:53:20][rocket::launch_][INFO] [36m([0m[37mindex[0m[36m)[0m [32mGET[0m [34m/[0m
[2022-07-04][07:53:20][rocket::launch_][INFO] [36m([0m[37msnippet_create[0m[36m)[0m [32mPOST[0m [34m/snippet/create[0m
[2022-07-04][07:53:20][rocket::launch_][INFO] [36m([0m[37msnippet_view[0m[36m)[0m [32mGET[0m [34m/snippet/view/<id>[0m
[2022-07-04][07:53:20][rocket::launch][INFO] 📡 [35mFairings[0m:
[2022-07-04][07:53:20][rocket::launch_][INFO] [1;49;39mTemplating[0m ([1;34mignite, liftoff, request[0m)
[2022-07-04][07:53:20][rocket::launch_][INFO] [1;49;39mShield[0m ([1;34mliftoff, response, singleton[0m)
[2022-07-04][07:53:20][rocket::shield::shield][INFO] 🛡️ [35mShield[0m:
[2022-07-04][07:53:20][_][INFO] X-Frame-Options: [49;39mSAMEORIGIN[0m
[2022-07-04][07:53:20][_][INFO] X-Content-Type-Options: [49;39mnosniff[0m
[2022-07-04][07:53:20][_][INFO] Permissions-Policy: [49;39minterest-cohort=()[0m
[2022-07-04][07:53:20][rocket_dyn_templates::fairing][INFO] 📐 [35mTemplating[0m:
[2022-07-04][07:53:20][_][INFO] directory: [37mtemplates[0m
[2022-07-04][07:53:20][_][INFO] engines: [37m["hbs"][0m
[2022-07-04][07:53:20][rocket::launch][INFO] 🚀 [1;49;39mRocket has launched from[0m [1;4;49;39mhttp://127.0.0.1:8000[0m
